{
  "numFailedTestSuites": 1,
  "numFailedTests": 1,
  "numPassedTestSuites": 0,
  "numPassedTests": 0,
  "numPendingTestSuites": 0,
  "numPendingTests": 1,
  "numRuntimeErrorTestSuites": 0,
  "numTodoTests": 0,
  "numTotalTestSuites": 1,
  "numTotalTests": 2,
  "openHandles": [],
  "snapshot": {
    "added": 0,
    "didUpdate": false,
    "failure": false,
    "filesAdded": 0,
    "filesRemoved": 0,
    "filesRemovedList": [],
    "filesUnmatched": 0,
    "filesUpdated": 0,
    "matched": 0,
    "total": 0,
    "unchecked": 0,
    "uncheckedKeysByFile": [],
    "unmatched": 0,
    "updated": 0
  },
  "startTime": 1762663177378,
  "success": false,
  "testResults": [
    {
      "leaks": false,
      "numFailingTests": 1,
      "numPassingTests": 0,
      "numPendingTests": 1,
      "numTodoTests": 0,
      "openHandles": [],
      "perfStats": {
        "end": 1762663179358,
        "loadTestEnvironmentEnd": 1762663177539,
        "loadTestEnvironmentStart": 1762663177447,
        "runtime": 1817,
        "setupAfterEnvEnd": 1762663177792,
        "setupAfterEnvStart": 1762663177792,
        "setupFilesEnd": 1762663177541,
        "setupFilesStart": 1762663177541,
        "slow": false,
        "start": 1762663177541
      },
      "skipped": false,
      "snapshot": {
        "added": 0,
        "fileDeleted": false,
        "matched": 0,
        "unchecked": 0,
        "uncheckedKeys": [],
        "unmatched": 0,
        "updated": 0
      },
      "testFilePath": "C:\\Users\\Lenovo\\Documents\\api\\__tests__\\getUser.js",
      "testResults": [
        {
          "ancestorTitles": [
            "Get List User -- Positive Case"
          ],
          "duration": 329,
          "failing": false,
          "failureDetails": [
            {
              "matcherResult": {
                "actual": {
                  "statusSuccessful": 200,
                  "statusUnsuccessful": 400,
                  "statusNotFound": 404
                },
                "expected": 200,
                "message": "\u001b[2mexpect(\u001b[22m\u001b[31mreceived\u001b[39m\u001b[2m).\u001b[22mtoEqual\u001b[2m(\u001b[22m\u001b[32mexpected\u001b[39m\u001b[2m) // deep equality\u001b[22m\n\nExpected: \u001b[32m200\u001b[39m\nReceived: \u001b[31m{\"statusNotFound\": 404, \"statusSuccessful\": 200, \"statusUnsuccessful\": 400}\u001b[39m",
                "name": "toEqual",
                "pass": false
              }
            }
          ],
          "failureMessages": [
            "Error: \u001b[2mexpect(\u001b[22m\u001b[31mreceived\u001b[39m\u001b[2m).\u001b[22mtoEqual\u001b[2m(\u001b[22m\u001b[32mexpected\u001b[39m\u001b[2m) // deep equality\u001b[22m\n\nExpected: \u001b[32m200\u001b[39m\nReceived: \u001b[31m{\"statusNotFound\": 404, \"statusSuccessful\": 200, \"statusUnsuccessful\": 400}\u001b[39m\n    at Object.toEqual (C:\\Users\\Lenovo\\Documents\\api\\__tests__\\getUser.js:11:24)\n    at processTicksAndRejections (node:internal/process/task_queues:95:5)"
          ],
          "fullName": "Get List User -- Positive Case I can get list user and its detail by page number 2",
          "invocations": 1,
          "location": null,
          "numPassingAsserts": 0,
          "retryReasons": [],
          "startAt": 1762663178990,
          "status": "failed",
          "title": "I can get list user and its detail by page number 2"
        },
        {
          "ancestorTitles": [
            "Get User -- Positive Case"
          ],
          "duration": null,
          "failing": false,
          "failureDetails": [],
          "failureMessages": [],
          "fullName": "Get User -- Positive Case I can get detail user by ID 2",
          "invocations": 1,
          "location": null,
          "numPassingAsserts": 0,
          "retryReasons": [],
          "startAt": 1762663179331,
          "status": "pending",
          "title": "I can get detail user by ID 2"
        }
      ],
      "failureMessage": "\u001b[1m\u001b[31m  \u001b[1m● \u001b[22m\u001b[1mGet List User -- Positive Case › I can get list user and its detail by page number 2\u001b[39m\u001b[22m\n\n    \u001b[2mexpect(\u001b[22m\u001b[31mreceived\u001b[39m\u001b[2m).\u001b[22mtoEqual\u001b[2m(\u001b[22m\u001b[32mexpected\u001b[39m\u001b[2m) // deep equality\u001b[22m\n\n    Expected: \u001b[32m200\u001b[39m\n    Received: \u001b[31m{\"statusNotFound\": 404, \"statusSuccessful\": 200, \"statusUnsuccessful\": 400}\u001b[39m\n\u001b[2m\u001b[22m\n\u001b[2m    \u001b[0m \u001b[90m  9 |\u001b[39m     \u001b[36mconst\u001b[39m response \u001b[33m=\u001b[39m \u001b[36mawait\u001b[39m endpoint\u001b[33m.\u001b[39mgetListUsers(\u001b[35m2\u001b[39m)\u001b[33m;\u001b[39m\u001b[22m\n\u001b[2m     \u001b[90m 10 |\u001b[39m     console\u001b[33m.\u001b[39mlog(response\u001b[33m.\u001b[39mstatus\u001b[33m,\u001b[39m response\u001b[33m.\u001b[39mbody\u001b[33m,\u001b[39m respStatus\u001b[33m.\u001b[39mstatusSuccessful)\u001b[22m\n\u001b[2m    \u001b[31m\u001b[1m>\u001b[22m\u001b[2m\u001b[39m\u001b[90m 11 |\u001b[39m     expect(respStatus)\u001b[33m.\u001b[39mtoEqual(respStatus\u001b[33m.\u001b[39mstatusSuccessful)\u001b[33m;\u001b[39m\u001b[22m\n\u001b[2m     \u001b[90m    |\u001b[39m                        \u001b[31m\u001b[1m^\u001b[22m\u001b[2m\u001b[39m\u001b[22m\n\u001b[2m     \u001b[90m 12 |\u001b[39m     er\u001b[33m.\u001b[39mexpectStatus(response\u001b[33m.\u001b[39mstatus\u001b[33m,\u001b[39m respStatus\u001b[33m.\u001b[39mstatusSuccessful)\u001b[33m;\u001b[39m\u001b[22m\n\u001b[2m     \u001b[90m 13 |\u001b[39m     er\u001b[33m.\u001b[39mexpectSchema(response\u001b[33m,\u001b[39m schema\u001b[33m.\u001b[39mlistUsers)\u001b[33m;\u001b[39m\u001b[22m\n\u001b[2m     \u001b[90m 14 |\u001b[39m     er\u001b[33m.\u001b[39mexpectSnapshot(response)\u001b[33m;\u001b[39m\u001b[0m\u001b[22m\n\u001b[2m\u001b[22m\n\u001b[2m      \u001b[2mat Object.toEqual (\u001b[22m\u001b[2m\u001b[0m\u001b[36m__tests__/getUser.js\u001b[39m\u001b[0m\u001b[2m:11:24)\u001b[22m\u001b[2m\u001b[22m\n"
    }
  ],
  "wasInterrupted": false
}